[0.008s] Invoking command in '/home/sam/exo_repo/ROB8-Project2/build/epos_action_node': CMAKE_PREFIX_PATH=/opt/ros/humble /usr/bin/cmake /home/sam/exo_repo/ROB8-Project2/epos_action_node -DCMAKE_INSTALL_PREFIX=/home/sam/exo_repo/ROB8-Project2/install/epos_action_node
[0.047s] -- The C compiler identification is GNU 11.4.0
[0.095s] -- The CXX compiler identification is GNU 11.4.0
[0.100s] -- Detecting C compiler ABI info
[0.153s] -- Detecting C compiler ABI info - done
[0.158s] -- Check for working C compiler: /usr/bin/cc - skipped
[0.158s] -- Detecting C compile features
[0.158s] -- Detecting C compile features - done
[0.160s] -- Detecting CXX compiler ABI info
[0.221s] -- Detecting CXX compiler ABI info - done
[0.226s] -- Check for working CXX compiler: /usr/bin/c++ - skipped
[0.226s] -- Detecting CXX compile features
[0.226s] -- Detecting CXX compile features - done
[0.228s] -- Found ament_cmake: 1.3.5 (/opt/ros/humble/share/ament_cmake/cmake)
[0.347s] -- Found Python3: /usr/bin/python3.10 (found version "3.10.12") found components: Interpreter 
[0.404s] -- Found rclcpp: 16.0.4 (/opt/ros/humble/share/rclcpp/cmake)
[0.430s] -- Found rosidl_generator_c: 3.1.4 (/opt/ros/humble/share/rosidl_generator_c/cmake)
[0.433s] -- Found rosidl_adapter: 3.1.4 (/opt/ros/humble/share/rosidl_adapter/cmake)
[0.438s] -- Found rosidl_generator_cpp: 3.1.4 (/opt/ros/humble/share/rosidl_generator_cpp/cmake)
[0.447s] -- Using all available rosidl_typesupport_c: rosidl_typesupport_fastrtps_c;rosidl_typesupport_introspection_c
[0.459s] -- Using all available rosidl_typesupport_cpp: rosidl_typesupport_fastrtps_cpp;rosidl_typesupport_introspection_cpp
[0.504s] -- Found rmw_implementation_cmake: 6.1.1 (/opt/ros/humble/share/rmw_implementation_cmake/cmake)
[0.506s] -- Found rmw_fastrtps_cpp: 6.2.2 (/opt/ros/humble/share/rmw_fastrtps_cpp/cmake)
[0.572s] -- Found OpenSSL: /usr/lib/x86_64-linux-gnu/libcrypto.so (found version "3.0.2")  
[0.590s] -- Found FastRTPS: /opt/ros/humble/include  
[0.622s] -- Using RMW implementation 'rmw_fastrtps_cpp' as default
[0.628s] -- Looking for pthread.h
[0.679s] -- Looking for pthread.h - found
[0.680s] -- Performing Test CMAKE_HAVE_LIBC_PTHREAD
[0.730s] -- Performing Test CMAKE_HAVE_LIBC_PTHREAD - Success
[0.731s] -- Found Threads: TRUE  
[0.843s] -- Found rclcpp_action: 16.0.4 (/opt/ros/humble/share/rclcpp_action/cmake)
[0.908s] -- Found rosidl_default_generators: 1.2.0 (/opt/ros/humble/share/rosidl_default_generators/cmake)
[1.091s] -- Found ament_cmake_ros: 0.10.0 (/opt/ros/humble/share/ament_cmake_ros/cmake)
[1.314s] -- Using all available rosidl_typesupport_c: rosidl_typesupport_fastrtps_c;rosidl_typesupport_introspection_c
[1.400s] -- Using all available rosidl_typesupport_cpp: rosidl_typesupport_fastrtps_cpp;rosidl_typesupport_introspection_cpp
[1.415s] -- Found PythonInterp: /usr/bin/python3 (found suitable version "3.10.12", minimum required is "3.6") 
[1.416s] -- Found python_cmake_module: 0.10.0 (/opt/ros/humble/share/python_cmake_module/cmake)
[1.433s] -- Found PythonLibs: /usr/lib/x86_64-linux-gnu/libpython3.10.so (found suitable version "3.10.12", minimum required is "3.5") 
[1.433s] -- Using PYTHON_EXECUTABLE: /usr/bin/python3
[1.433s] -- Using PYTHON_INCLUDE_DIRS: /usr/include/python3.10
[1.433s] -- Using PYTHON_LIBRARIES: /usr/lib/x86_64-linux-gnu/libpython3.10.so
[1.448s] -- Found PythonExtra: .so  
[1.474s] -- Found ament_lint_auto: 0.12.6 (/opt/ros/humble/share/ament_lint_auto/cmake)
[1.484s] -- Added test 'copyright' to check source files copyright and LICENSE
[1.485s] -- Added test 'lint_cmake' to check CMake code style
[1.486s] -- Added test 'xmllint' to check XML markup files
[1.487s] -- Configuring done
[1.506s] -- Generating done
[1.509s] -- Build files have been written to: /home/sam/exo_repo/ROB8-Project2/build/epos_action_node
[1.517s] Invoked command in '/home/sam/exo_repo/ROB8-Project2/build/epos_action_node' returned '0': CMAKE_PREFIX_PATH=/opt/ros/humble /usr/bin/cmake /home/sam/exo_repo/ROB8-Project2/epos_action_node -DCMAKE_INSTALL_PREFIX=/home/sam/exo_repo/ROB8-Project2/install/epos_action_node
[1.518s] Invoking command in '/home/sam/exo_repo/ROB8-Project2/build/epos_action_node': CMAKE_PREFIX_PATH=/opt/ros/humble /usr/bin/cmake --build /home/sam/exo_repo/ROB8-Project2/build/epos_action_node -- -j8 -l8
[1.546s] [  3%] [34m[1mGenerating C code for ROS interfaces[0m
[1.552s] [  6%] [34m[1mGenerating C++ code for ROS interfaces[0m
[1.558s] [  6%] Built target ament_cmake_python_copy_epos_action_node
[1.727s] running egg_info
[1.727s] creating epos_action_node.egg-info
[1.727s] writing epos_action_node.egg-info/PKG-INFO
[1.727s] writing dependency_links to epos_action_node.egg-info/dependency_links.txt
[1.727s] writing top-level names to epos_action_node.egg-info/top_level.txt
[1.728s] writing manifest file 'epos_action_node.egg-info/SOURCES.txt'
[1.729s] reading manifest file 'epos_action_node.egg-info/SOURCES.txt'
[1.729s] writing manifest file 'epos_action_node.egg-info/SOURCES.txt'
[1.750s] [  6%] Built target ament_cmake_python_build_epos_action_node_egg
[1.860s] [  6%] Built target epos_action_node__cpp
[1.866s] [  9%] [32mBuilding C object CMakeFiles/epos_action_node__rosidl_generator_c.dir/rosidl_generator_c/epos_action_node/action/detail/move__functions.c.o[0m
[1.867s] [ 12%] [34m[1mGenerating C++ type support dispatch for ROS interfaces[0m
[1.867s] [ 19%] [34m[1mGenerating C++ introspection for ROS interfaces[0m
[1.867s] [ 19%] [34m[1mGenerating C++ type support for eProsima Fast-RTPS[0m
[1.971s] [ 22%] [32m[1mLinking C shared library libepos_action_node__rosidl_generator_c.so[0m
[2.000s] [ 22%] Built target epos_action_node__rosidl_generator_c
[2.009s] [ 25%] [34m[1mGenerating C type support dispatch for ROS interfaces[0m
[2.010s] [ 29%] [34m[1mGenerating C type support for eProsima Fast-RTPS[0m
[2.011s] [ 32%] [34m[1mGenerating C introspection for ROS interfaces[0m
[2.184s] [ 35%] [32mBuilding CXX object CMakeFiles/epos_action_node__rosidl_typesupport_cpp.dir/rosidl_typesupport_cpp/epos_action_node/action/move__type_support.cpp.o[0m
[2.202s] [ 38%] [32mBuilding CXX object CMakeFiles/epos_action_node__rosidl_typesupport_fastrtps_cpp.dir/rosidl_typesupport_fastrtps_cpp/epos_action_node/action/detail/dds_fastrtps/move__type_support.cpp.o[0m
[2.274s] [ 41%] [32mBuilding CXX object CMakeFiles/epos_action_node__rosidl_typesupport_introspection_cpp.dir/rosidl_typesupport_introspection_cpp/epos_action_node/action/detail/move__type_support.cpp.o[0m
[2.327s] [ 45%] [32mBuilding CXX object CMakeFiles/epos_action_node__rosidl_typesupport_c.dir/rosidl_typesupport_c/epos_action_node/action/move__type_support.cpp.o[0m
[2.388s] [ 48%] [32m[1mLinking CXX shared library libepos_action_node__rosidl_typesupport_c.so[0m
[2.433s] [ 51%] [32mBuilding C object CMakeFiles/epos_action_node__rosidl_typesupport_introspection_c.dir/rosidl_typesupport_introspection_c/epos_action_node/action/detail/move__type_support.c.o[0m
[2.438s] [ 51%] Built target epos_action_node__rosidl_typesupport_c
[2.453s] [ 54%] [32mBuilding CXX object CMakeFiles/epos_action_node__rosidl_typesupport_fastrtps_c.dir/rosidl_typesupport_fastrtps_c/epos_action_node/action/detail/move__type_support_c.cpp.o[0m
[2.475s] [ 58%] [32m[1mLinking C shared library libepos_action_node__rosidl_typesupport_introspection_c.so[0m
[2.499s] [ 58%] Built target epos_action_node__rosidl_typesupport_introspection_c
[2.603s] [ 61%] [32m[1mLinking CXX shared library libepos_action_node__rosidl_typesupport_cpp.so[0m
[2.635s] [ 61%] Built target epos_action_node__rosidl_typesupport_cpp
[2.741s] [ 64%] [32m[1mLinking CXX shared library libepos_action_node__rosidl_typesupport_fastrtps_c.so[0m
[2.786s] [ 67%] [32m[1mLinking CXX shared library libepos_action_node__rosidl_typesupport_fastrtps_cpp.so[0m
[2.800s] [ 67%] Built target epos_action_node__rosidl_typesupport_fastrtps_c
[2.844s] [ 67%] Built target epos_action_node__rosidl_typesupport_fastrtps_cpp
[2.864s] [ 70%] [32m[1mLinking CXX shared library libepos_action_node__rosidl_typesupport_introspection_cpp.so[0m
[2.915s] [ 70%] Built target epos_action_node__rosidl_typesupport_introspection_cpp
[2.928s] [ 70%] Built target epos_action_node
[2.943s] [ 74%] [34m[1mGenerating Python code for ROS interfaces[0m
[3.420s] [ 74%] Built target epos_action_node__py
[3.433s] [ 77%] [32mBuilding C object CMakeFiles/epos_action_node__rosidl_generator_py.dir/rosidl_generator_py/epos_action_node/action/_move_s.c.o[0m
[3.534s] [ 80%] [32m[1mLinking C shared library rosidl_generator_py/epos_action_node/libepos_action_node__rosidl_generator_py.so[0m
[3.563s] [ 80%] Built target epos_action_node__rosidl_generator_py
[3.578s] [ 90%] [32mBuilding C object CMakeFiles/epos_action_node__rosidl_typesupport_introspection_c__pyext.dir/rosidl_generator_py/epos_action_node/_epos_action_node_s.ep.rosidl_typesupport_introspection_c.c.o[0m
[3.578s] [ 90%] [32mBuilding C object CMakeFiles/epos_action_node__rosidl_typesupport_c__pyext.dir/rosidl_generator_py/epos_action_node/_epos_action_node_s.ep.rosidl_typesupport_c.c.o[0m
[3.578s] [ 90%] [32mBuilding C object CMakeFiles/epos_action_node__rosidl_typesupport_fastrtps_c__pyext.dir/rosidl_generator_py/epos_action_node/_epos_action_node_s.ep.rosidl_typesupport_fastrtps_c.c.o[0m
[3.663s] [100%] [32m[1mLinking C shared library rosidl_generator_py/epos_action_node/epos_action_node_s__rosidl_typesupport_introspection_c.cpython-310-x86_64-linux-gnu.so[0m
[3.663s] [100%] [32m[1mLinking C shared library rosidl_generator_py/epos_action_node/epos_action_node_s__rosidl_typesupport_c.cpython-310-x86_64-linux-gnu.so[0m
[3.664s] [100%] [32m[1mLinking C shared library rosidl_generator_py/epos_action_node/epos_action_node_s__rosidl_typesupport_fastrtps_c.cpython-310-x86_64-linux-gnu.so[0m
[3.691s] [100%] Built target epos_action_node__rosidl_typesupport_introspection_c__pyext
[3.692s] [100%] Built target epos_action_node__rosidl_typesupport_fastrtps_c__pyext
[3.692s] [100%] Built target epos_action_node__rosidl_typesupport_c__pyext
[3.699s] Invoked command in '/home/sam/exo_repo/ROB8-Project2/build/epos_action_node' returned '0': CMAKE_PREFIX_PATH=/opt/ros/humble /usr/bin/cmake --build /home/sam/exo_repo/ROB8-Project2/build/epos_action_node -- -j8 -l8
[3.742s] Invoking command in '/home/sam/exo_repo/ROB8-Project2/build/epos_action_node': CMAKE_PREFIX_PATH=/opt/ros/humble /usr/bin/cmake --install /home/sam/exo_repo/ROB8-Project2/build/epos_action_node
[3.748s] -- Install configuration: ""
[3.748s] -- Installing: /home/sam/exo_repo/ROB8-Project2/install/epos_action_node/share/ament_index/resource_index/rosidl_interfaces/epos_action_node
[3.749s] -- Installing: /home/sam/exo_repo/ROB8-Project2/install/epos_action_node/include/epos_action_node/epos_action_node
[3.749s] -- Installing: /home/sam/exo_repo/ROB8-Project2/install/epos_action_node/include/epos_action_node/epos_action_node/msg
[3.749s] -- Installing: /home/sam/exo_repo/ROB8-Project2/install/epos_action_node/include/epos_action_node/epos_action_node/msg/rosidl_generator_c__visibility_control.h
[3.749s] -- Installing: /home/sam/exo_repo/ROB8-Project2/install/epos_action_node/include/epos_action_node/epos_action_node/action
[3.749s] -- Installing: /home/sam/exo_repo/ROB8-Project2/install/epos_action_node/include/epos_action_node/epos_action_node/action/move.h
[3.749s] -- Installing: /home/sam/exo_repo/ROB8-Project2/install/epos_action_node/include/epos_action_node/epos_action_node/action/detail
[3.749s] -- Installing: /home/sam/exo_repo/ROB8-Project2/install/epos_action_node/include/epos_action_node/epos_action_node/action/detail/move__struct.h
[3.749s] -- Installing: /home/sam/exo_repo/ROB8-Project2/install/epos_action_node/include/epos_action_node/epos_action_node/action/detail/move__functions.h
[3.749s] -- Installing: /home/sam/exo_repo/ROB8-Project2/install/epos_action_node/include/epos_action_node/epos_action_node/action/detail/move__functions.c
[3.749s] -- Installing: /home/sam/exo_repo/ROB8-Project2/install/epos_action_node/include/epos_action_node/epos_action_node/action/detail/move__type_support.h
[3.749s] -- Installing: /home/sam/exo_repo/ROB8-Project2/install/epos_action_node/share/epos_action_node/environment/library_path.sh
[3.749s] -- Installing: /home/sam/exo_repo/ROB8-Project2/install/epos_action_node/share/epos_action_node/environment/library_path.dsv
[3.750s] -- Installing: /home/sam/exo_repo/ROB8-Project2/install/epos_action_node/lib/libepos_action_node__rosidl_generator_c.so
[3.750s] -- Set runtime path of "/home/sam/exo_repo/ROB8-Project2/install/epos_action_node/lib/libepos_action_node__rosidl_generator_c.so" to ""
[3.750s] -- Up-to-date: /home/sam/exo_repo/ROB8-Project2/install/epos_action_node/include/epos_action_node/epos_action_node
[3.750s] -- Up-to-date: /home/sam/exo_repo/ROB8-Project2/install/epos_action_node/include/epos_action_node/epos_action_node/msg
[3.750s] -- Installing: /home/sam/exo_repo/ROB8-Project2/install/epos_action_node/include/epos_action_node/epos_action_node/msg/rosidl_typesupport_fastrtps_c__visibility_control.h
[3.750s] -- Up-to-date: /home/sam/exo_repo/ROB8-Project2/install/epos_action_node/include/epos_action_node/epos_action_node/action
[3.750s] -- Up-to-date: /home/sam/exo_repo/ROB8-Project2/install/epos_action_node/include/epos_action_node/epos_action_node/action/detail
[3.750s] -- Installing: /home/sam/exo_repo/ROB8-Project2/install/epos_action_node/include/epos_action_node/epos_action_node/action/detail/move__rosidl_typesupport_fastrtps_c.h
[3.750s] -- Installing: /home/sam/exo_repo/ROB8-Project2/install/epos_action_node/lib/libepos_action_node__rosidl_typesupport_fastrtps_c.so
[3.750s] -- Set runtime path of "/home/sam/exo_repo/ROB8-Project2/install/epos_action_node/lib/libepos_action_node__rosidl_typesupport_fastrtps_c.so" to ""
[3.750s] -- Up-to-date: /home/sam/exo_repo/ROB8-Project2/install/epos_action_node/include/epos_action_node/epos_action_node
[3.750s] -- Up-to-date: /home/sam/exo_repo/ROB8-Project2/install/epos_action_node/include/epos_action_node/epos_action_node/action
[3.750s] -- Installing: /home/sam/exo_repo/ROB8-Project2/install/epos_action_node/include/epos_action_node/epos_action_node/action/move.hpp
[3.750s] -- Up-to-date: /home/sam/exo_repo/ROB8-Project2/install/epos_action_node/include/epos_action_node/epos_action_node/action/detail
[3.750s] -- Installing: /home/sam/exo_repo/ROB8-Project2/install/epos_action_node/include/epos_action_node/epos_action_node/action/detail/move__struct.hpp
[3.751s] -- Installing: /home/sam/exo_repo/ROB8-Project2/install/epos_action_node/include/epos_action_node/epos_action_node/action/detail/move__builder.hpp
[3.751s] -- Installing: /home/sam/exo_repo/ROB8-Project2/install/epos_action_node/include/epos_action_node/epos_action_node/action/detail/move__traits.hpp
[3.751s] -- Up-to-date: /home/sam/exo_repo/ROB8-Project2/install/epos_action_node/include/epos_action_node/epos_action_node
[3.751s] -- Up-to-date: /home/sam/exo_repo/ROB8-Project2/install/epos_action_node/include/epos_action_node/epos_action_node/msg
[3.751s] -- Installing: /home/sam/exo_repo/ROB8-Project2/install/epos_action_node/include/epos_action_node/epos_action_node/msg/rosidl_typesupport_fastrtps_cpp__visibility_control.h
[3.751s] -- Up-to-date: /home/sam/exo_repo/ROB8-Project2/install/epos_action_node/include/epos_action_node/epos_action_node/action
[3.751s] -- Up-to-date: /home/sam/exo_repo/ROB8-Project2/install/epos_action_node/include/epos_action_node/epos_action_node/action/detail
[3.751s] -- Installing: /home/sam/exo_repo/ROB8-Project2/install/epos_action_node/include/epos_action_node/epos_action_node/action/detail/move__rosidl_typesupport_fastrtps_cpp.hpp
[3.751s] -- Installing: /home/sam/exo_repo/ROB8-Project2/install/epos_action_node/include/epos_action_node/epos_action_node/action/detail/dds_fastrtps
[3.751s] -- Installing: /home/sam/exo_repo/ROB8-Project2/install/epos_action_node/lib/libepos_action_node__rosidl_typesupport_fastrtps_cpp.so
[3.751s] -- Set runtime path of "/home/sam/exo_repo/ROB8-Project2/install/epos_action_node/lib/libepos_action_node__rosidl_typesupport_fastrtps_cpp.so" to ""
[3.751s] -- Up-to-date: /home/sam/exo_repo/ROB8-Project2/install/epos_action_node/include/epos_action_node/epos_action_node
[3.751s] -- Up-to-date: /home/sam/exo_repo/ROB8-Project2/install/epos_action_node/include/epos_action_node/epos_action_node/msg
[3.751s] -- Installing: /home/sam/exo_repo/ROB8-Project2/install/epos_action_node/include/epos_action_node/epos_action_node/msg/rosidl_typesupport_introspection_c__visibility_control.h
[3.751s] -- Up-to-date: /home/sam/exo_repo/ROB8-Project2/install/epos_action_node/include/epos_action_node/epos_action_node/action
[3.751s] -- Up-to-date: /home/sam/exo_repo/ROB8-Project2/install/epos_action_node/include/epos_action_node/epos_action_node/action/detail
[3.751s] -- Installing: /home/sam/exo_repo/ROB8-Project2/install/epos_action_node/include/epos_action_node/epos_action_node/action/detail/move__type_support.c
[3.751s] -- Installing: /home/sam/exo_repo/ROB8-Project2/install/epos_action_node/include/epos_action_node/epos_action_node/action/detail/move__rosidl_typesupport_introspection_c.h
[3.751s] -- Installing: /home/sam/exo_repo/ROB8-Project2/install/epos_action_node/lib/libepos_action_node__rosidl_typesupport_introspection_c.so
[3.752s] -- Set runtime path of "/home/sam/exo_repo/ROB8-Project2/install/epos_action_node/lib/libepos_action_node__rosidl_typesupport_introspection_c.so" to ""
[3.752s] -- Installing: /home/sam/exo_repo/ROB8-Project2/install/epos_action_node/lib/libepos_action_node__rosidl_typesupport_c.so
[3.752s] -- Set runtime path of "/home/sam/exo_repo/ROB8-Project2/install/epos_action_node/lib/libepos_action_node__rosidl_typesupport_c.so" to ""
[3.752s] -- Up-to-date: /home/sam/exo_repo/ROB8-Project2/install/epos_action_node/include/epos_action_node/epos_action_node
[3.752s] -- Up-to-date: /home/sam/exo_repo/ROB8-Project2/install/epos_action_node/include/epos_action_node/epos_action_node/action
[3.752s] -- Up-to-date: /home/sam/exo_repo/ROB8-Project2/install/epos_action_node/include/epos_action_node/epos_action_node/action/detail
[3.752s] -- Installing: /home/sam/exo_repo/ROB8-Project2/install/epos_action_node/include/epos_action_node/epos_action_node/action/detail/move__type_support.cpp
[3.752s] -- Installing: /home/sam/exo_repo/ROB8-Project2/install/epos_action_node/include/epos_action_node/epos_action_node/action/detail/move__rosidl_typesupport_introspection_cpp.hpp
[3.752s] -- Installing: /home/sam/exo_repo/ROB8-Project2/install/epos_action_node/lib/libepos_action_node__rosidl_typesupport_introspection_cpp.so
[3.752s] -- Set runtime path of "/home/sam/exo_repo/ROB8-Project2/install/epos_action_node/lib/libepos_action_node__rosidl_typesupport_introspection_cpp.so" to ""
[3.752s] -- Installing: /home/sam/exo_repo/ROB8-Project2/install/epos_action_node/lib/libepos_action_node__rosidl_typesupport_cpp.so
[3.752s] -- Set runtime path of "/home/sam/exo_repo/ROB8-Project2/install/epos_action_node/lib/libepos_action_node__rosidl_typesupport_cpp.so" to ""
[3.752s] -- Installing: /home/sam/exo_repo/ROB8-Project2/install/epos_action_node/share/epos_action_node/environment/pythonpath.sh
[3.753s] -- Installing: /home/sam/exo_repo/ROB8-Project2/install/epos_action_node/share/epos_action_node/environment/pythonpath.dsv
[3.753s] -- Installing: /home/sam/exo_repo/ROB8-Project2/install/epos_action_node/local/lib/python3.10/dist-packages/epos_action_node-0.0.0-py3.10.egg-info
[3.753s] -- Installing: /home/sam/exo_repo/ROB8-Project2/install/epos_action_node/local/lib/python3.10/dist-packages/epos_action_node-0.0.0-py3.10.egg-info/top_level.txt
[3.753s] -- Installing: /home/sam/exo_repo/ROB8-Project2/install/epos_action_node/local/lib/python3.10/dist-packages/epos_action_node-0.0.0-py3.10.egg-info/SOURCES.txt
[3.753s] -- Installing: /home/sam/exo_repo/ROB8-Project2/install/epos_action_node/local/lib/python3.10/dist-packages/epos_action_node-0.0.0-py3.10.egg-info/PKG-INFO
[3.753s] -- Installing: /home/sam/exo_repo/ROB8-Project2/install/epos_action_node/local/lib/python3.10/dist-packages/epos_action_node-0.0.0-py3.10.egg-info/dependency_links.txt
[3.753s] -- Installing: /home/sam/exo_repo/ROB8-Project2/install/epos_action_node/local/lib/python3.10/dist-packages/epos_action_node
[3.753s] -- Installing: /home/sam/exo_repo/ROB8-Project2/install/epos_action_node/local/lib/python3.10/dist-packages/epos_action_node/epos_action_node_s__rosidl_typesupport_fastrtps_c.cpython-310-x86_64-linux-gnu.so
[3.753s] -- Installing: /home/sam/exo_repo/ROB8-Project2/install/epos_action_node/local/lib/python3.10/dist-packages/epos_action_node/_epos_action_node_s.ep.rosidl_typesupport_fastrtps_c.c
[3.753s] -- Installing: /home/sam/exo_repo/ROB8-Project2/install/epos_action_node/local/lib/python3.10/dist-packages/epos_action_node/_epos_action_node_s.ep.rosidl_typesupport_c.c
[3.753s] -- Installing: /home/sam/exo_repo/ROB8-Project2/install/epos_action_node/local/lib/python3.10/dist-packages/epos_action_node/epos_action_node_s__rosidl_typesupport_c.cpython-310-x86_64-linux-gnu.so
[3.753s] -- Installing: /home/sam/exo_repo/ROB8-Project2/install/epos_action_node/local/lib/python3.10/dist-packages/epos_action_node/_epos_action_node_s.ep.rosidl_typesupport_introspection_c.c
[3.753s] -- Installing: /home/sam/exo_repo/ROB8-Project2/install/epos_action_node/local/lib/python3.10/dist-packages/epos_action_node/epos_action_node_s__rosidl_typesupport_introspection_c.cpython-310-x86_64-linux-gnu.so
[3.753s] -- Installing: /home/sam/exo_repo/ROB8-Project2/install/epos_action_node/local/lib/python3.10/dist-packages/epos_action_node/action
[3.753s] -- Installing: /home/sam/exo_repo/ROB8-Project2/install/epos_action_node/local/lib/python3.10/dist-packages/epos_action_node/action/_move_s.c
[3.753s] -- Installing: /home/sam/exo_repo/ROB8-Project2/install/epos_action_node/local/lib/python3.10/dist-packages/epos_action_node/action/_move.py
[3.754s] -- Installing: /home/sam/exo_repo/ROB8-Project2/install/epos_action_node/local/lib/python3.10/dist-packages/epos_action_node/action/__init__.py
[3.754s] -- Installing: /home/sam/exo_repo/ROB8-Project2/install/epos_action_node/local/lib/python3.10/dist-packages/epos_action_node/__init__.py
[3.754s] -- Installing: /home/sam/exo_repo/ROB8-Project2/install/epos_action_node/local/lib/python3.10/dist-packages/epos_action_node/libepos_action_node__rosidl_generator_py.so
[3.780s] Listing '/home/sam/exo_repo/ROB8-Project2/install/epos_action_node/local/lib/python3.10/dist-packages/epos_action_node'...
[3.780s] Compiling '/home/sam/exo_repo/ROB8-Project2/install/epos_action_node/local/lib/python3.10/dist-packages/epos_action_node/__init__.py'...
[3.780s] Listing '/home/sam/exo_repo/ROB8-Project2/install/epos_action_node/local/lib/python3.10/dist-packages/epos_action_node/action'...
[3.780s] Compiling '/home/sam/exo_repo/ROB8-Project2/install/epos_action_node/local/lib/python3.10/dist-packages/epos_action_node/action/__init__.py'...
[3.780s] Compiling '/home/sam/exo_repo/ROB8-Project2/install/epos_action_node/local/lib/python3.10/dist-packages/epos_action_node/action/_move.py'...
[3.783s] -- Installing: /home/sam/exo_repo/ROB8-Project2/install/epos_action_node/local/lib/python3.10/dist-packages/epos_action_node/epos_action_node_s__rosidl_typesupport_fastrtps_c.cpython-310-x86_64-linux-gnu.so
[3.783s] -- Set runtime path of "/home/sam/exo_repo/ROB8-Project2/install/epos_action_node/local/lib/python3.10/dist-packages/epos_action_node/epos_action_node_s__rosidl_typesupport_fastrtps_c.cpython-310-x86_64-linux-gnu.so" to ""
[3.783s] -- Installing: /home/sam/exo_repo/ROB8-Project2/install/epos_action_node/local/lib/python3.10/dist-packages/epos_action_node/epos_action_node_s__rosidl_typesupport_introspection_c.cpython-310-x86_64-linux-gnu.so
[3.783s] -- Set runtime path of "/home/sam/exo_repo/ROB8-Project2/install/epos_action_node/local/lib/python3.10/dist-packages/epos_action_node/epos_action_node_s__rosidl_typesupport_introspection_c.cpython-310-x86_64-linux-gnu.so" to ""
[3.783s] -- Installing: /home/sam/exo_repo/ROB8-Project2/install/epos_action_node/local/lib/python3.10/dist-packages/epos_action_node/epos_action_node_s__rosidl_typesupport_c.cpython-310-x86_64-linux-gnu.so
[3.783s] -- Set runtime path of "/home/sam/exo_repo/ROB8-Project2/install/epos_action_node/local/lib/python3.10/dist-packages/epos_action_node/epos_action_node_s__rosidl_typesupport_c.cpython-310-x86_64-linux-gnu.so" to ""
[3.783s] -- Installing: /home/sam/exo_repo/ROB8-Project2/install/epos_action_node/lib/libepos_action_node__rosidl_generator_py.so
[3.784s] -- Set runtime path of "/home/sam/exo_repo/ROB8-Project2/install/epos_action_node/lib/libepos_action_node__rosidl_generator_py.so" to ""
[3.784s] -- Installing: /home/sam/exo_repo/ROB8-Project2/install/epos_action_node/share/epos_action_node/action/Move.idl
[3.784s] -- Installing: /home/sam/exo_repo/ROB8-Project2/install/epos_action_node/share/epos_action_node/action/Move.action
[3.784s] -- Installing: /home/sam/exo_repo/ROB8-Project2/install/epos_action_node/share/ament_index/resource_index/package_run_dependencies/epos_action_node
[3.784s] -- Installing: /home/sam/exo_repo/ROB8-Project2/install/epos_action_node/share/ament_index/resource_index/parent_prefix_path/epos_action_node
[3.784s] -- Installing: /home/sam/exo_repo/ROB8-Project2/install/epos_action_node/share/epos_action_node/environment/ament_prefix_path.sh
[3.784s] -- Installing: /home/sam/exo_repo/ROB8-Project2/install/epos_action_node/share/epos_action_node/environment/ament_prefix_path.dsv
[3.784s] -- Installing: /home/sam/exo_repo/ROB8-Project2/install/epos_action_node/share/epos_action_node/environment/path.sh
[3.784s] -- Installing: /home/sam/exo_repo/ROB8-Project2/install/epos_action_node/share/epos_action_node/environment/path.dsv
[3.784s] -- Installing: /home/sam/exo_repo/ROB8-Project2/install/epos_action_node/share/epos_action_node/local_setup.bash
[3.784s] -- Installing: /home/sam/exo_repo/ROB8-Project2/install/epos_action_node/share/epos_action_node/local_setup.sh
[3.784s] -- Installing: /home/sam/exo_repo/ROB8-Project2/install/epos_action_node/share/epos_action_node/local_setup.zsh
[3.784s] -- Installing: /home/sam/exo_repo/ROB8-Project2/install/epos_action_node/share/epos_action_node/local_setup.dsv
[3.784s] -- Installing: /home/sam/exo_repo/ROB8-Project2/install/epos_action_node/share/epos_action_node/package.dsv
[3.785s] -- Installing: /home/sam/exo_repo/ROB8-Project2/install/epos_action_node/share/ament_index/resource_index/packages/epos_action_node
[3.785s] -- Installing: /home/sam/exo_repo/ROB8-Project2/install/epos_action_node/share/epos_action_node/cmake/export_epos_action_node__rosidl_generator_cExport.cmake
[3.785s] -- Installing: /home/sam/exo_repo/ROB8-Project2/install/epos_action_node/share/epos_action_node/cmake/export_epos_action_node__rosidl_generator_cExport-noconfig.cmake
[3.785s] -- Installing: /home/sam/exo_repo/ROB8-Project2/install/epos_action_node/share/epos_action_node/cmake/export_epos_action_node__rosidl_typesupport_fastrtps_cExport.cmake
[3.785s] -- Installing: /home/sam/exo_repo/ROB8-Project2/install/epos_action_node/share/epos_action_node/cmake/export_epos_action_node__rosidl_typesupport_fastrtps_cExport-noconfig.cmake
[3.785s] -- Installing: /home/sam/exo_repo/ROB8-Project2/install/epos_action_node/share/epos_action_node/cmake/export_epos_action_node__rosidl_generator_cppExport.cmake
[3.785s] -- Installing: /home/sam/exo_repo/ROB8-Project2/install/epos_action_node/share/epos_action_node/cmake/export_epos_action_node__rosidl_typesupport_fastrtps_cppExport.cmake
[3.785s] -- Installing: /home/sam/exo_repo/ROB8-Project2/install/epos_action_node/share/epos_action_node/cmake/export_epos_action_node__rosidl_typesupport_fastrtps_cppExport-noconfig.cmake
[3.785s] -- Installing: /home/sam/exo_repo/ROB8-Project2/install/epos_action_node/share/epos_action_node/cmake/epos_action_node__rosidl_typesupport_introspection_cExport.cmake
[3.785s] -- Installing: /home/sam/exo_repo/ROB8-Project2/install/epos_action_node/share/epos_action_node/cmake/epos_action_node__rosidl_typesupport_introspection_cExport-noconfig.cmake
[3.785s] -- Installing: /home/sam/exo_repo/ROB8-Project2/install/epos_action_node/share/epos_action_node/cmake/epos_action_node__rosidl_typesupport_cExport.cmake
[3.785s] -- Installing: /home/sam/exo_repo/ROB8-Project2/install/epos_action_node/share/epos_action_node/cmake/epos_action_node__rosidl_typesupport_cExport-noconfig.cmake
[3.785s] -- Installing: /home/sam/exo_repo/ROB8-Project2/install/epos_action_node/share/epos_action_node/cmake/epos_action_node__rosidl_typesupport_introspection_cppExport.cmake
[3.785s] -- Installing: /home/sam/exo_repo/ROB8-Project2/install/epos_action_node/share/epos_action_node/cmake/epos_action_node__rosidl_typesupport_introspection_cppExport-noconfig.cmake
[3.786s] -- Installing: /home/sam/exo_repo/ROB8-Project2/install/epos_action_node/share/epos_action_node/cmake/epos_action_node__rosidl_typesupport_cppExport.cmake
[3.786s] -- Installing: /home/sam/exo_repo/ROB8-Project2/install/epos_action_node/share/epos_action_node/cmake/epos_action_node__rosidl_typesupport_cppExport-noconfig.cmake
[3.786s] -- Installing: /home/sam/exo_repo/ROB8-Project2/install/epos_action_node/share/epos_action_node/cmake/export_epos_action_node__rosidl_generator_pyExport.cmake
[3.786s] -- Installing: /home/sam/exo_repo/ROB8-Project2/install/epos_action_node/share/epos_action_node/cmake/export_epos_action_node__rosidl_generator_pyExport-noconfig.cmake
[3.786s] -- Installing: /home/sam/exo_repo/ROB8-Project2/install/epos_action_node/share/epos_action_node/cmake/rosidl_cmake-extras.cmake
[3.786s] -- Installing: /home/sam/exo_repo/ROB8-Project2/install/epos_action_node/share/epos_action_node/cmake/ament_cmake_export_dependencies-extras.cmake
[3.786s] -- Installing: /home/sam/exo_repo/ROB8-Project2/install/epos_action_node/share/epos_action_node/cmake/ament_cmake_export_include_directories-extras.cmake
[3.786s] -- Installing: /home/sam/exo_repo/ROB8-Project2/install/epos_action_node/share/epos_action_node/cmake/ament_cmake_export_libraries-extras.cmake
[3.786s] -- Installing: /home/sam/exo_repo/ROB8-Project2/install/epos_action_node/share/epos_action_node/cmake/ament_cmake_export_targets-extras.cmake
[3.786s] -- Installing: /home/sam/exo_repo/ROB8-Project2/install/epos_action_node/share/epos_action_node/cmake/rosidl_cmake_export_typesupport_targets-extras.cmake
[3.786s] -- Installing: /home/sam/exo_repo/ROB8-Project2/install/epos_action_node/share/epos_action_node/cmake/rosidl_cmake_export_typesupport_libraries-extras.cmake
[3.786s] -- Installing: /home/sam/exo_repo/ROB8-Project2/install/epos_action_node/share/epos_action_node/cmake/epos_action_nodeConfig.cmake
[3.786s] -- Installing: /home/sam/exo_repo/ROB8-Project2/install/epos_action_node/share/epos_action_node/cmake/epos_action_nodeConfig-version.cmake
[3.786s] -- Installing: /home/sam/exo_repo/ROB8-Project2/install/epos_action_node/share/epos_action_node/package.xml
[3.789s] Invoked command in '/home/sam/exo_repo/ROB8-Project2/build/epos_action_node' returned '0': CMAKE_PREFIX_PATH=/opt/ros/humble /usr/bin/cmake --install /home/sam/exo_repo/ROB8-Project2/build/epos_action_node
