running egg_info
creating build/epos_node/epos_node.egg-info
writing build/epos_node/epos_node.egg-info/PKG-INFO
writing dependency_links to build/epos_node/epos_node.egg-info/dependency_links.txt
writing entry points to build/epos_node/epos_node.egg-info/entry_points.txt
writing requirements to build/epos_node/epos_node.egg-info/requires.txt
writing top-level names to build/epos_node/epos_node.egg-info/top_level.txt
writing manifest file 'build/epos_node/epos_node.egg-info/SOURCES.txt'
reading manifest file 'build/epos_node/epos_node.egg-info/SOURCES.txt'
writing manifest file 'build/epos_node/epos_node.egg-info/SOURCES.txt'
running build
running build_py
creating /home/victor/Desktop/ROB8-Project/epos_node/build/epos_node/build
creating /home/victor/Desktop/ROB8-Project/epos_node/build/epos_node/build/lib
creating /home/victor/Desktop/ROB8-Project/epos_node/build/epos_node/build/lib/epos_node
copying epos_node/__init__.py -> /home/victor/Desktop/ROB8-Project/epos_node/build/epos_node/build/lib/epos_node
running install
running install_lib
creating /home/victor/Desktop/ROB8-Project/epos_node/install/epos_node/lib/python3.8/site-packages/epos_node
copying /home/victor/Desktop/ROB8-Project/epos_node/build/epos_node/build/lib/epos_node/__init__.py -> /home/victor/Desktop/ROB8-Project/epos_node/install/epos_node/lib/python3.8/site-packages/epos_node
byte-compiling /home/victor/Desktop/ROB8-Project/epos_node/install/epos_node/lib/python3.8/site-packages/epos_node/__init__.py to __init__.cpython-38.pyc
running install_data
creating /home/victor/Desktop/ROB8-Project/epos_node/install/epos_node/share/ament_index
creating /home/victor/Desktop/ROB8-Project/epos_node/install/epos_node/share/ament_index/resource_index
creating /home/victor/Desktop/ROB8-Project/epos_node/install/epos_node/share/ament_index/resource_index/packages
copying resource/epos_node -> /home/victor/Desktop/ROB8-Project/epos_node/install/epos_node/share/ament_index/resource_index/packages
copying package.xml -> /home/victor/Desktop/ROB8-Project/epos_node/install/epos_node/share/epos_node
running install_egg_info
Copying build/epos_node/epos_node.egg-info to /home/victor/Desktop/ROB8-Project/epos_node/install/epos_node/lib/python3.8/site-packages/epos_node-0.0.0-py3.8.egg-info
running install_scripts
writing list of installed files to '/home/victor/Desktop/ROB8-Project/epos_node/build/epos_node/install.log'
