[0.952s] Invoking command in '/home/victor/Desktop/ROB8-Project/epos_node': PYTHONPATH=/home/victor/Desktop/ROB8-Project/epos_node/build/epos_node/prefix_override:/home/victor/Desktop/ROB8-Project/epos_node/install/epos_node/lib/python3.8/site-packages:${PYTHONPATH} /usr/bin/python3 setup.py egg_info --egg-base build/epos_node build --build-base /home/victor/Desktop/ROB8-Project/epos_node/build/epos_node/build install --record /home/victor/Desktop/ROB8-Project/epos_node/build/epos_node/install.log --install-scripts $base/lib/epos_node --single-version-externally-managed
[1.156s] running egg_info
[1.157s] creating build/epos_node/epos_node.egg-info
[1.157s] writing build/epos_node/epos_node.egg-info/PKG-INFO
[1.157s] writing dependency_links to build/epos_node/epos_node.egg-info/dependency_links.txt
[1.158s] writing entry points to build/epos_node/epos_node.egg-info/entry_points.txt
[1.158s] writing requirements to build/epos_node/epos_node.egg-info/requires.txt
[1.158s] writing top-level names to build/epos_node/epos_node.egg-info/top_level.txt
[1.163s] writing manifest file 'build/epos_node/epos_node.egg-info/SOURCES.txt'
[1.192s] reading manifest file 'build/epos_node/epos_node.egg-info/SOURCES.txt'
[1.193s] writing manifest file 'build/epos_node/epos_node.egg-info/SOURCES.txt'
[1.193s] running build
[1.193s] running build_py
[1.193s] creating /home/victor/Desktop/ROB8-Project/epos_node/build/epos_node/build
[1.193s] creating /home/victor/Desktop/ROB8-Project/epos_node/build/epos_node/build/lib
[1.193s] creating /home/victor/Desktop/ROB8-Project/epos_node/build/epos_node/build/lib/epos_node
[1.193s] copying epos_node/__init__.py -> /home/victor/Desktop/ROB8-Project/epos_node/build/epos_node/build/lib/epos_node
[1.194s] running install
[1.194s] running install_lib
[1.194s] creating /home/victor/Desktop/ROB8-Project/epos_node/install/epos_node/lib/python3.8/site-packages/epos_node
[1.195s] copying /home/victor/Desktop/ROB8-Project/epos_node/build/epos_node/build/lib/epos_node/__init__.py -> /home/victor/Desktop/ROB8-Project/epos_node/install/epos_node/lib/python3.8/site-packages/epos_node
[1.195s] byte-compiling /home/victor/Desktop/ROB8-Project/epos_node/install/epos_node/lib/python3.8/site-packages/epos_node/__init__.py to __init__.cpython-38.pyc
[1.196s] running install_data
[1.196s] creating /home/victor/Desktop/ROB8-Project/epos_node/install/epos_node/share/ament_index
[1.196s] creating /home/victor/Desktop/ROB8-Project/epos_node/install/epos_node/share/ament_index/resource_index
[1.196s] creating /home/victor/Desktop/ROB8-Project/epos_node/install/epos_node/share/ament_index/resource_index/packages
[1.197s] copying resource/epos_node -> /home/victor/Desktop/ROB8-Project/epos_node/install/epos_node/share/ament_index/resource_index/packages
[1.197s] copying package.xml -> /home/victor/Desktop/ROB8-Project/epos_node/install/epos_node/share/epos_node
[1.197s] running install_egg_info
[1.198s] Copying build/epos_node/epos_node.egg-info to /home/victor/Desktop/ROB8-Project/epos_node/install/epos_node/lib/python3.8/site-packages/epos_node-0.0.0-py3.8.egg-info
[1.198s] running install_scripts
[1.213s] writing list of installed files to '/home/victor/Desktop/ROB8-Project/epos_node/build/epos_node/install.log'
[1.234s] Invoked command in '/home/victor/Desktop/ROB8-Project/epos_node' returned '0': PYTHONPATH=/home/victor/Desktop/ROB8-Project/epos_node/build/epos_node/prefix_override:/home/victor/Desktop/ROB8-Project/epos_node/install/epos_node/lib/python3.8/site-packages:${PYTHONPATH} /usr/bin/python3 setup.py egg_info --egg-base build/epos_node build --build-base /home/victor/Desktop/ROB8-Project/epos_node/build/epos_node/build install --record /home/victor/Desktop/ROB8-Project/epos_node/build/epos_node/install.log --install-scripts $base/lib/epos_node --single-version-externally-managed
