-- The C compiler identification is GNU 11.4.0
-- The CXX compiler identification is GNU 11.4.0
-- Detecting C compiler ABI info
-- Detecting C compiler ABI info - done
-- Check for working C compiler: /usr/bin/cc - skipped
-- Detecting C compile features
-- Detecting C compile features - done
-- Detecting CXX compiler ABI info
-- Detecting CXX compiler ABI info - done
-- Check for working CXX compiler: /usr/bin/c++ - skipped
-- Detecting CXX compile features
-- Detecting CXX compile features - done
-- Found ament_cmake: 1.3.5 (/opt/ros/humble/share/ament_cmake/cmake)
-- Found Python3: /usr/bin/python3.10 (found version "3.10.12") found components: Interpreter 
-- Found rclcpp: 16.0.4 (/opt/ros/humble/share/rclcpp/cmake)
-- Found rosidl_generator_c: 3.1.4 (/opt/ros/humble/share/rosidl_generator_c/cmake)
-- Found rosidl_adapter: 3.1.4 (/opt/ros/humble/share/rosidl_adapter/cmake)
-- Found rosidl_generator_cpp: 3.1.4 (/opt/ros/humble/share/rosidl_generator_cpp/cmake)
-- Using all available rosidl_typesupport_c: rosidl_typesupport_fastrtps_c;rosidl_typesupport_introspection_c
-- Using all available rosidl_typesupport_cpp: rosidl_typesupport_fastrtps_cpp;rosidl_typesupport_introspection_cpp
-- Found rmw_implementation_cmake: 6.1.1 (/opt/ros/humble/share/rmw_implementation_cmake/cmake)
-- Found rmw_fastrtps_cpp: 6.2.2 (/opt/ros/humble/share/rmw_fastrtps_cpp/cmake)
-- Found OpenSSL: /usr/lib/x86_64-linux-gnu/libcrypto.so (found version "3.0.2")  
-- Found FastRTPS: /opt/ros/humble/include  
-- Using RMW implementation 'rmw_fastrtps_cpp' as default
-- Looking for pthread.h
-- Looking for pthread.h - found
-- Performing Test CMAKE_HAVE_LIBC_PTHREAD
-- Performing Test CMAKE_HAVE_LIBC_PTHREAD - Success
-- Found Threads: TRUE  
-- Found rclcpp_action: 16.0.4 (/opt/ros/humble/share/rclcpp_action/cmake)
-- Found rosidl_default_generators: 1.2.0 (/opt/ros/humble/share/rosidl_default_generators/cmake)
-- Found ament_cmake_ros: 0.10.0 (/opt/ros/humble/share/ament_cmake_ros/cmake)
-- Using all available rosidl_typesupport_c: rosidl_typesupport_fastrtps_c;rosidl_typesupport_introspection_c
-- Using all available rosidl_typesupport_cpp: rosidl_typesupport_fastrtps_cpp;rosidl_typesupport_introspection_cpp
-- Found PythonInterp: /usr/bin/python3 (found suitable version "3.10.12", minimum required is "3.6") 
-- Found python_cmake_module: 0.10.0 (/opt/ros/humble/share/python_cmake_module/cmake)
-- Found PythonLibs: /usr/lib/x86_64-linux-gnu/libpython3.10.so (found suitable version "3.10.12", minimum required is "3.5") 
-- Using PYTHON_EXECUTABLE: /usr/bin/python3
-- Using PYTHON_INCLUDE_DIRS: /usr/include/python3.10
-- Using PYTHON_LIBRARIES: /usr/lib/x86_64-linux-gnu/libpython3.10.so
-- Found PythonExtra: .so  
-- Found ament_lint_auto: 0.12.6 (/opt/ros/humble/share/ament_lint_auto/cmake)
-- Added test 'copyright' to check source files copyright and LICENSE
-- Added test 'lint_cmake' to check CMake code style
-- Added test 'xmllint' to check XML markup files
-- Configuring done
-- Generating done
-- Build files have been written to: /home/sam/exo_repo/ROB8-Project2/build/epos_action_node
[  3%] [34m[1mGenerating C code for ROS interfaces[0m
[  6%] [34m[1mGenerating C++ code for ROS interfaces[0m
[  6%] Built target ament_cmake_python_copy_epos_action_node
running egg_info
creating epos_action_node.egg-info
writing epos_action_node.egg-info/PKG-INFO
writing dependency_links to epos_action_node.egg-info/dependency_links.txt
writing top-level names to epos_action_node.egg-info/top_level.txt
writing manifest file 'epos_action_node.egg-info/SOURCES.txt'
reading manifest file 'epos_action_node.egg-info/SOURCES.txt'
writing manifest file 'epos_action_node.egg-info/SOURCES.txt'
[  6%] Built target ament_cmake_python_build_epos_action_node_egg
[  6%] Built target epos_action_node__cpp
[  9%] [32mBuilding C object CMakeFiles/epos_action_node__rosidl_generator_c.dir/rosidl_generator_c/epos_action_node/action/detail/move__functions.c.o[0m
[ 12%] [34m[1mGenerating C++ type support dispatch for ROS interfaces[0m
[ 19%] [34m[1mGenerating C++ introspection for ROS interfaces[0m
[ 19%] [34m[1mGenerating C++ type support for eProsima Fast-RTPS[0m
[ 22%] [32m[1mLinking C shared library libepos_action_node__rosidl_generator_c.so[0m
[ 22%] Built target epos_action_node__rosidl_generator_c
[ 25%] [34m[1mGenerating C type support dispatch for ROS interfaces[0m
[ 29%] [34m[1mGenerating C type support for eProsima Fast-RTPS[0m
[ 32%] [34m[1mGenerating C introspection for ROS interfaces[0m
[ 35%] [32mBuilding CXX object CMakeFiles/epos_action_node__rosidl_typesupport_cpp.dir/rosidl_typesupport_cpp/epos_action_node/action/move__type_support.cpp.o[0m
[ 38%] [32mBuilding CXX object CMakeFiles/epos_action_node__rosidl_typesupport_fastrtps_cpp.dir/rosidl_typesupport_fastrtps_cpp/epos_action_node/action/detail/dds_fastrtps/move__type_support.cpp.o[0m
[ 41%] [32mBuilding CXX object CMakeFiles/epos_action_node__rosidl_typesupport_introspection_cpp.dir/rosidl_typesupport_introspection_cpp/epos_action_node/action/detail/move__type_support.cpp.o[0m
[ 45%] [32mBuilding CXX object CMakeFiles/epos_action_node__rosidl_typesupport_c.dir/rosidl_typesupport_c/epos_action_node/action/move__type_support.cpp.o[0m
[ 48%] [32m[1mLinking CXX shared library libepos_action_node__rosidl_typesupport_c.so[0m
[ 51%] [32mBuilding C object CMakeFiles/epos_action_node__rosidl_typesupport_introspection_c.dir/rosidl_typesupport_introspection_c/epos_action_node/action/detail/move__type_support.c.o[0m
[ 51%] Built target epos_action_node__rosidl_typesupport_c
[ 54%] [32mBuilding CXX object CMakeFiles/epos_action_node__rosidl_typesupport_fastrtps_c.dir/rosidl_typesupport_fastrtps_c/epos_action_node/action/detail/move__type_support_c.cpp.o[0m
[ 58%] [32m[1mLinking C shared library libepos_action_node__rosidl_typesupport_introspection_c.so[0m
[ 58%] Built target epos_action_node__rosidl_typesupport_introspection_c
[ 61%] [32m[1mLinking CXX shared library libepos_action_node__rosidl_typesupport_cpp.so[0m
[ 61%] Built target epos_action_node__rosidl_typesupport_cpp
[ 64%] [32m[1mLinking CXX shared library libepos_action_node__rosidl_typesupport_fastrtps_c.so[0m
[ 67%] [32m[1mLinking CXX shared library libepos_action_node__rosidl_typesupport_fastrtps_cpp.so[0m
[ 67%] Built target epos_action_node__rosidl_typesupport_fastrtps_c
[ 67%] Built target epos_action_node__rosidl_typesupport_fastrtps_cpp
[ 70%] [32m[1mLinking CXX shared library libepos_action_node__rosidl_typesupport_introspection_cpp.so[0m
[ 70%] Built target epos_action_node__rosidl_typesupport_introspection_cpp
[ 70%] Built target epos_action_node
[ 74%] [34m[1mGenerating Python code for ROS interfaces[0m
[ 74%] Built target epos_action_node__py
[ 77%] [32mBuilding C object CMakeFiles/epos_action_node__rosidl_generator_py.dir/rosidl_generator_py/epos_action_node/action/_move_s.c.o[0m
[ 80%] [32m[1mLinking C shared library rosidl_generator_py/epos_action_node/libepos_action_node__rosidl_generator_py.so[0m
[ 80%] Built target epos_action_node__rosidl_generator_py
[ 90%] [32mBuilding C object CMakeFiles/epos_action_node__rosidl_typesupport_introspection_c__pyext.dir/rosidl_generator_py/epos_action_node/_epos_action_node_s.ep.rosidl_typesupport_introspection_c.c.o[0m
[ 90%] [32mBuilding C object CMakeFiles/epos_action_node__rosidl_typesupport_c__pyext.dir/rosidl_generator_py/epos_action_node/_epos_action_node_s.ep.rosidl_typesupport_c.c.o[0m
[ 90%] [32mBuilding C object CMakeFiles/epos_action_node__rosidl_typesupport_fastrtps_c__pyext.dir/rosidl_generator_py/epos_action_node/_epos_action_node_s.ep.rosidl_typesupport_fastrtps_c.c.o[0m
[100%] [32m[1mLinking C shared library rosidl_generator_py/epos_action_node/epos_action_node_s__rosidl_typesupport_introspection_c.cpython-310-x86_64-linux-gnu.so[0m
[100%] [32m[1mLinking C shared library rosidl_generator_py/epos_action_node/epos_action_node_s__rosidl_typesupport_c.cpython-310-x86_64-linux-gnu.so[0m
[100%] [32m[1mLinking C shared library rosidl_generator_py/epos_action_node/epos_action_node_s__rosidl_typesupport_fastrtps_c.cpython-310-x86_64-linux-gnu.so[0m
[100%] Built target epos_action_node__rosidl_typesupport_introspection_c__pyext
[100%] Built target epos_action_node__rosidl_typesupport_fastrtps_c__pyext
[100%] Built target epos_action_node__rosidl_typesupport_c__pyext
-- Install configuration: ""
-- Installing: /home/sam/exo_repo/ROB8-Project2/install/epos_action_node/share/ament_index/resource_index/rosidl_interfaces/epos_action_node
-- Installing: /home/sam/exo_repo/ROB8-Project2/install/epos_action_node/include/epos_action_node/epos_action_node
-- Installing: /home/sam/exo_repo/ROB8-Project2/install/epos_action_node/include/epos_action_node/epos_action_node/msg
-- Installing: /home/sam/exo_repo/ROB8-Project2/install/epos_action_node/include/epos_action_node/epos_action_node/msg/rosidl_generator_c__visibility_control.h
-- Installing: /home/sam/exo_repo/ROB8-Project2/install/epos_action_node/include/epos_action_node/epos_action_node/action
-- Installing: /home/sam/exo_repo/ROB8-Project2/install/epos_action_node/include/epos_action_node/epos_action_node/action/move.h
-- Installing: /home/sam/exo_repo/ROB8-Project2/install/epos_action_node/include/epos_action_node/epos_action_node/action/detail
-- Installing: /home/sam/exo_repo/ROB8-Project2/install/epos_action_node/include/epos_action_node/epos_action_node/action/detail/move__struct.h
-- Installing: /home/sam/exo_repo/ROB8-Project2/install/epos_action_node/include/epos_action_node/epos_action_node/action/detail/move__functions.h
-- Installing: /home/sam/exo_repo/ROB8-Project2/install/epos_action_node/include/epos_action_node/epos_action_node/action/detail/move__functions.c
-- Installing: /home/sam/exo_repo/ROB8-Project2/install/epos_action_node/include/epos_action_node/epos_action_node/action/detail/move__type_support.h
-- Installing: /home/sam/exo_repo/ROB8-Project2/install/epos_action_node/share/epos_action_node/environment/library_path.sh
-- Installing: /home/sam/exo_repo/ROB8-Project2/install/epos_action_node/share/epos_action_node/environment/library_path.dsv
-- Installing: /home/sam/exo_repo/ROB8-Project2/install/epos_action_node/lib/libepos_action_node__rosidl_generator_c.so
-- Set runtime path of "/home/sam/exo_repo/ROB8-Project2/install/epos_action_node/lib/libepos_action_node__rosidl_generator_c.so" to ""
-- Up-to-date: /home/sam/exo_repo/ROB8-Project2/install/epos_action_node/include/epos_action_node/epos_action_node
-- Up-to-date: /home/sam/exo_repo/ROB8-Project2/install/epos_action_node/include/epos_action_node/epos_action_node/msg
-- Installing: /home/sam/exo_repo/ROB8-Project2/install/epos_action_node/include/epos_action_node/epos_action_node/msg/rosidl_typesupport_fastrtps_c__visibility_control.h
-- Up-to-date: /home/sam/exo_repo/ROB8-Project2/install/epos_action_node/include/epos_action_node/epos_action_node/action
-- Up-to-date: /home/sam/exo_repo/ROB8-Project2/install/epos_action_node/include/epos_action_node/epos_action_node/action/detail
-- Installing: /home/sam/exo_repo/ROB8-Project2/install/epos_action_node/include/epos_action_node/epos_action_node/action/detail/move__rosidl_typesupport_fastrtps_c.h
-- Installing: /home/sam/exo_repo/ROB8-Project2/install/epos_action_node/lib/libepos_action_node__rosidl_typesupport_fastrtps_c.so
-- Set runtime path of "/home/sam/exo_repo/ROB8-Project2/install/epos_action_node/lib/libepos_action_node__rosidl_typesupport_fastrtps_c.so" to ""
-- Up-to-date: /home/sam/exo_repo/ROB8-Project2/install/epos_action_node/include/epos_action_node/epos_action_node
-- Up-to-date: /home/sam/exo_repo/ROB8-Project2/install/epos_action_node/include/epos_action_node/epos_action_node/action
-- Installing: /home/sam/exo_repo/ROB8-Project2/install/epos_action_node/include/epos_action_node/epos_action_node/action/move.hpp
-- Up-to-date: /home/sam/exo_repo/ROB8-Project2/install/epos_action_node/include/epos_action_node/epos_action_node/action/detail
-- Installing: /home/sam/exo_repo/ROB8-Project2/install/epos_action_node/include/epos_action_node/epos_action_node/action/detail/move__struct.hpp
-- Installing: /home/sam/exo_repo/ROB8-Project2/install/epos_action_node/include/epos_action_node/epos_action_node/action/detail/move__builder.hpp
-- Installing: /home/sam/exo_repo/ROB8-Project2/install/epos_action_node/include/epos_action_node/epos_action_node/action/detail/move__traits.hpp
-- Up-to-date: /home/sam/exo_repo/ROB8-Project2/install/epos_action_node/include/epos_action_node/epos_action_node
-- Up-to-date: /home/sam/exo_repo/ROB8-Project2/install/epos_action_node/include/epos_action_node/epos_action_node/msg
-- Installing: /home/sam/exo_repo/ROB8-Project2/install/epos_action_node/include/epos_action_node/epos_action_node/msg/rosidl_typesupport_fastrtps_cpp__visibility_control.h
-- Up-to-date: /home/sam/exo_repo/ROB8-Project2/install/epos_action_node/include/epos_action_node/epos_action_node/action
-- Up-to-date: /home/sam/exo_repo/ROB8-Project2/install/epos_action_node/include/epos_action_node/epos_action_node/action/detail
-- Installing: /home/sam/exo_repo/ROB8-Project2/install/epos_action_node/include/epos_action_node/epos_action_node/action/detail/move__rosidl_typesupport_fastrtps_cpp.hpp
-- Installing: /home/sam/exo_repo/ROB8-Project2/install/epos_action_node/include/epos_action_node/epos_action_node/action/detail/dds_fastrtps
-- Installing: /home/sam/exo_repo/ROB8-Project2/install/epos_action_node/lib/libepos_action_node__rosidl_typesupport_fastrtps_cpp.so
-- Set runtime path of "/home/sam/exo_repo/ROB8-Project2/install/epos_action_node/lib/libepos_action_node__rosidl_typesupport_fastrtps_cpp.so" to ""
-- Up-to-date: /home/sam/exo_repo/ROB8-Project2/install/epos_action_node/include/epos_action_node/epos_action_node
-- Up-to-date: /home/sam/exo_repo/ROB8-Project2/install/epos_action_node/include/epos_action_node/epos_action_node/msg
-- Installing: /home/sam/exo_repo/ROB8-Project2/install/epos_action_node/include/epos_action_node/epos_action_node/msg/rosidl_typesupport_introspection_c__visibility_control.h
-- Up-to-date: /home/sam/exo_repo/ROB8-Project2/install/epos_action_node/include/epos_action_node/epos_action_node/action
-- Up-to-date: /home/sam/exo_repo/ROB8-Project2/install/epos_action_node/include/epos_action_node/epos_action_node/action/detail
-- Installing: /home/sam/exo_repo/ROB8-Project2/install/epos_action_node/include/epos_action_node/epos_action_node/action/detail/move__type_support.c
-- Installing: /home/sam/exo_repo/ROB8-Project2/install/epos_action_node/include/epos_action_node/epos_action_node/action/detail/move__rosidl_typesupport_introspection_c.h
-- Installing: /home/sam/exo_repo/ROB8-Project2/install/epos_action_node/lib/libepos_action_node__rosidl_typesupport_introspection_c.so
-- Set runtime path of "/home/sam/exo_repo/ROB8-Project2/install/epos_action_node/lib/libepos_action_node__rosidl_typesupport_introspection_c.so" to ""
-- Installing: /home/sam/exo_repo/ROB8-Project2/install/epos_action_node/lib/libepos_action_node__rosidl_typesupport_c.so
-- Set runtime path of "/home/sam/exo_repo/ROB8-Project2/install/epos_action_node/lib/libepos_action_node__rosidl_typesupport_c.so" to ""
-- Up-to-date: /home/sam/exo_repo/ROB8-Project2/install/epos_action_node/include/epos_action_node/epos_action_node
-- Up-to-date: /home/sam/exo_repo/ROB8-Project2/install/epos_action_node/include/epos_action_node/epos_action_node/action
-- Up-to-date: /home/sam/exo_repo/ROB8-Project2/install/epos_action_node/include/epos_action_node/epos_action_node/action/detail
-- Installing: /home/sam/exo_repo/ROB8-Project2/install/epos_action_node/include/epos_action_node/epos_action_node/action/detail/move__type_support.cpp
-- Installing: /home/sam/exo_repo/ROB8-Project2/install/epos_action_node/include/epos_action_node/epos_action_node/action/detail/move__rosidl_typesupport_introspection_cpp.hpp
-- Installing: /home/sam/exo_repo/ROB8-Project2/install/epos_action_node/lib/libepos_action_node__rosidl_typesupport_introspection_cpp.so
-- Set runtime path of "/home/sam/exo_repo/ROB8-Project2/install/epos_action_node/lib/libepos_action_node__rosidl_typesupport_introspection_cpp.so" to ""
-- Installing: /home/sam/exo_repo/ROB8-Project2/install/epos_action_node/lib/libepos_action_node__rosidl_typesupport_cpp.so
-- Set runtime path of "/home/sam/exo_repo/ROB8-Project2/install/epos_action_node/lib/libepos_action_node__rosidl_typesupport_cpp.so" to ""
-- Installing: /home/sam/exo_repo/ROB8-Project2/install/epos_action_node/share/epos_action_node/environment/pythonpath.sh
-- Installing: /home/sam/exo_repo/ROB8-Project2/install/epos_action_node/share/epos_action_node/environment/pythonpath.dsv
-- Installing: /home/sam/exo_repo/ROB8-Project2/install/epos_action_node/local/lib/python3.10/dist-packages/epos_action_node-0.0.0-py3.10.egg-info
-- Installing: /home/sam/exo_repo/ROB8-Project2/install/epos_action_node/local/lib/python3.10/dist-packages/epos_action_node-0.0.0-py3.10.egg-info/top_level.txt
-- Installing: /home/sam/exo_repo/ROB8-Project2/install/epos_action_node/local/lib/python3.10/dist-packages/epos_action_node-0.0.0-py3.10.egg-info/SOURCES.txt
-- Installing: /home/sam/exo_repo/ROB8-Project2/install/epos_action_node/local/lib/python3.10/dist-packages/epos_action_node-0.0.0-py3.10.egg-info/PKG-INFO
-- Installing: /home/sam/exo_repo/ROB8-Project2/install/epos_action_node/local/lib/python3.10/dist-packages/epos_action_node-0.0.0-py3.10.egg-info/dependency_links.txt
-- Installing: /home/sam/exo_repo/ROB8-Project2/install/epos_action_node/local/lib/python3.10/dist-packages/epos_action_node
-- Installing: /home/sam/exo_repo/ROB8-Project2/install/epos_action_node/local/lib/python3.10/dist-packages/epos_action_node/epos_action_node_s__rosidl_typesupport_fastrtps_c.cpython-310-x86_64-linux-gnu.so
-- Installing: /home/sam/exo_repo/ROB8-Project2/install/epos_action_node/local/lib/python3.10/dist-packages/epos_action_node/_epos_action_node_s.ep.rosidl_typesupport_fastrtps_c.c
-- Installing: /home/sam/exo_repo/ROB8-Project2/install/epos_action_node/local/lib/python3.10/dist-packages/epos_action_node/_epos_action_node_s.ep.rosidl_typesupport_c.c
-- Installing: /home/sam/exo_repo/ROB8-Project2/install/epos_action_node/local/lib/python3.10/dist-packages/epos_action_node/epos_action_node_s__rosidl_typesupport_c.cpython-310-x86_64-linux-gnu.so
-- Installing: /home/sam/exo_repo/ROB8-Project2/install/epos_action_node/local/lib/python3.10/dist-packages/epos_action_node/_epos_action_node_s.ep.rosidl_typesupport_introspection_c.c
-- Installing: /home/sam/exo_repo/ROB8-Project2/install/epos_action_node/local/lib/python3.10/dist-packages/epos_action_node/epos_action_node_s__rosidl_typesupport_introspection_c.cpython-310-x86_64-linux-gnu.so
-- Installing: /home/sam/exo_repo/ROB8-Project2/install/epos_action_node/local/lib/python3.10/dist-packages/epos_action_node/action
-- Installing: /home/sam/exo_repo/ROB8-Project2/install/epos_action_node/local/lib/python3.10/dist-packages/epos_action_node/action/_move_s.c
-- Installing: /home/sam/exo_repo/ROB8-Project2/install/epos_action_node/local/lib/python3.10/dist-packages/epos_action_node/action/_move.py
-- Installing: /home/sam/exo_repo/ROB8-Project2/install/epos_action_node/local/lib/python3.10/dist-packages/epos_action_node/action/__init__.py
-- Installing: /home/sam/exo_repo/ROB8-Project2/install/epos_action_node/local/lib/python3.10/dist-packages/epos_action_node/__init__.py
-- Installing: /home/sam/exo_repo/ROB8-Project2/install/epos_action_node/local/lib/python3.10/dist-packages/epos_action_node/libepos_action_node__rosidl_generator_py.so
Listing '/home/sam/exo_repo/ROB8-Project2/install/epos_action_node/local/lib/python3.10/dist-packages/epos_action_node'...
Compiling '/home/sam/exo_repo/ROB8-Project2/install/epos_action_node/local/lib/python3.10/dist-packages/epos_action_node/__init__.py'...
Listing '/home/sam/exo_repo/ROB8-Project2/install/epos_action_node/local/lib/python3.10/dist-packages/epos_action_node/action'...
Compiling '/home/sam/exo_repo/ROB8-Project2/install/epos_action_node/local/lib/python3.10/dist-packages/epos_action_node/action/__init__.py'...
Compiling '/home/sam/exo_repo/ROB8-Project2/install/epos_action_node/local/lib/python3.10/dist-packages/epos_action_node/action/_move.py'...
-- Installing: /home/sam/exo_repo/ROB8-Project2/install/epos_action_node/local/lib/python3.10/dist-packages/epos_action_node/epos_action_node_s__rosidl_typesupport_fastrtps_c.cpython-310-x86_64-linux-gnu.so
-- Set runtime path of "/home/sam/exo_repo/ROB8-Project2/install/epos_action_node/local/lib/python3.10/dist-packages/epos_action_node/epos_action_node_s__rosidl_typesupport_fastrtps_c.cpython-310-x86_64-linux-gnu.so" to ""
-- Installing: /home/sam/exo_repo/ROB8-Project2/install/epos_action_node/local/lib/python3.10/dist-packages/epos_action_node/epos_action_node_s__rosidl_typesupport_introspection_c.cpython-310-x86_64-linux-gnu.so
-- Set runtime path of "/home/sam/exo_repo/ROB8-Project2/install/epos_action_node/local/lib/python3.10/dist-packages/epos_action_node/epos_action_node_s__rosidl_typesupport_introspection_c.cpython-310-x86_64-linux-gnu.so" to ""
-- Installing: /home/sam/exo_repo/ROB8-Project2/install/epos_action_node/local/lib/python3.10/dist-packages/epos_action_node/epos_action_node_s__rosidl_typesupport_c.cpython-310-x86_64-linux-gnu.so
-- Set runtime path of "/home/sam/exo_repo/ROB8-Project2/install/epos_action_node/local/lib/python3.10/dist-packages/epos_action_node/epos_action_node_s__rosidl_typesupport_c.cpython-310-x86_64-linux-gnu.so" to ""
-- Installing: /home/sam/exo_repo/ROB8-Project2/install/epos_action_node/lib/libepos_action_node__rosidl_generator_py.so
-- Set runtime path of "/home/sam/exo_repo/ROB8-Project2/install/epos_action_node/lib/libepos_action_node__rosidl_generator_py.so" to ""
-- Installing: /home/sam/exo_repo/ROB8-Project2/install/epos_action_node/share/epos_action_node/action/Move.idl
-- Installing: /home/sam/exo_repo/ROB8-Project2/install/epos_action_node/share/epos_action_node/action/Move.action
-- Installing: /home/sam/exo_repo/ROB8-Project2/install/epos_action_node/share/ament_index/resource_index/package_run_dependencies/epos_action_node
-- Installing: /home/sam/exo_repo/ROB8-Project2/install/epos_action_node/share/ament_index/resource_index/parent_prefix_path/epos_action_node
-- Installing: /home/sam/exo_repo/ROB8-Project2/install/epos_action_node/share/epos_action_node/environment/ament_prefix_path.sh
-- Installing: /home/sam/exo_repo/ROB8-Project2/install/epos_action_node/share/epos_action_node/environment/ament_prefix_path.dsv
-- Installing: /home/sam/exo_repo/ROB8-Project2/install/epos_action_node/share/epos_action_node/environment/path.sh
-- Installing: /home/sam/exo_repo/ROB8-Project2/install/epos_action_node/share/epos_action_node/environment/path.dsv
-- Installing: /home/sam/exo_repo/ROB8-Project2/install/epos_action_node/share/epos_action_node/local_setup.bash
-- Installing: /home/sam/exo_repo/ROB8-Project2/install/epos_action_node/share/epos_action_node/local_setup.sh
-- Installing: /home/sam/exo_repo/ROB8-Project2/install/epos_action_node/share/epos_action_node/local_setup.zsh
-- Installing: /home/sam/exo_repo/ROB8-Project2/install/epos_action_node/share/epos_action_node/local_setup.dsv
-- Installing: /home/sam/exo_repo/ROB8-Project2/install/epos_action_node/share/epos_action_node/package.dsv
-- Installing: /home/sam/exo_repo/ROB8-Project2/install/epos_action_node/share/ament_index/resource_index/packages/epos_action_node
-- Installing: /home/sam/exo_repo/ROB8-Project2/install/epos_action_node/share/epos_action_node/cmake/export_epos_action_node__rosidl_generator_cExport.cmake
-- Installing: /home/sam/exo_repo/ROB8-Project2/install/epos_action_node/share/epos_action_node/cmake/export_epos_action_node__rosidl_generator_cExport-noconfig.cmake
-- Installing: /home/sam/exo_repo/ROB8-Project2/install/epos_action_node/share/epos_action_node/cmake/export_epos_action_node__rosidl_typesupport_fastrtps_cExport.cmake
-- Installing: /home/sam/exo_repo/ROB8-Project2/install/epos_action_node/share/epos_action_node/cmake/export_epos_action_node__rosidl_typesupport_fastrtps_cExport-noconfig.cmake
-- Installing: /home/sam/exo_repo/ROB8-Project2/install/epos_action_node/share/epos_action_node/cmake/export_epos_action_node__rosidl_generator_cppExport.cmake
-- Installing: /home/sam/exo_repo/ROB8-Project2/install/epos_action_node/share/epos_action_node/cmake/export_epos_action_node__rosidl_typesupport_fastrtps_cppExport.cmake
-- Installing: /home/sam/exo_repo/ROB8-Project2/install/epos_action_node/share/epos_action_node/cmake/export_epos_action_node__rosidl_typesupport_fastrtps_cppExport-noconfig.cmake
-- Installing: /home/sam/exo_repo/ROB8-Project2/install/epos_action_node/share/epos_action_node/cmake/epos_action_node__rosidl_typesupport_introspection_cExport.cmake
-- Installing: /home/sam/exo_repo/ROB8-Project2/install/epos_action_node/share/epos_action_node/cmake/epos_action_node__rosidl_typesupport_introspection_cExport-noconfig.cmake
-- Installing: /home/sam/exo_repo/ROB8-Project2/install/epos_action_node/share/epos_action_node/cmake/epos_action_node__rosidl_typesupport_cExport.cmake
-- Installing: /home/sam/exo_repo/ROB8-Project2/install/epos_action_node/share/epos_action_node/cmake/epos_action_node__rosidl_typesupport_cExport-noconfig.cmake
-- Installing: /home/sam/exo_repo/ROB8-Project2/install/epos_action_node/share/epos_action_node/cmake/epos_action_node__rosidl_typesupport_introspection_cppExport.cmake
-- Installing: /home/sam/exo_repo/ROB8-Project2/install/epos_action_node/share/epos_action_node/cmake/epos_action_node__rosidl_typesupport_introspection_cppExport-noconfig.cmake
-- Installing: /home/sam/exo_repo/ROB8-Project2/install/epos_action_node/share/epos_action_node/cmake/epos_action_node__rosidl_typesupport_cppExport.cmake
-- Installing: /home/sam/exo_repo/ROB8-Project2/install/epos_action_node/share/epos_action_node/cmake/epos_action_node__rosidl_typesupport_cppExport-noconfig.cmake
-- Installing: /home/sam/exo_repo/ROB8-Project2/install/epos_action_node/share/epos_action_node/cmake/export_epos_action_node__rosidl_generator_pyExport.cmake
-- Installing: /home/sam/exo_repo/ROB8-Project2/install/epos_action_node/share/epos_action_node/cmake/export_epos_action_node__rosidl_generator_pyExport-noconfig.cmake
-- Installing: /home/sam/exo_repo/ROB8-Project2/install/epos_action_node/share/epos_action_node/cmake/rosidl_cmake-extras.cmake
-- Installing: /home/sam/exo_repo/ROB8-Project2/install/epos_action_node/share/epos_action_node/cmake/ament_cmake_export_dependencies-extras.cmake
-- Installing: /home/sam/exo_repo/ROB8-Project2/install/epos_action_node/share/epos_action_node/cmake/ament_cmake_export_include_directories-extras.cmake
-- Installing: /home/sam/exo_repo/ROB8-Project2/install/epos_action_node/share/epos_action_node/cmake/ament_cmake_export_libraries-extras.cmake
-- Installing: /home/sam/exo_repo/ROB8-Project2/install/epos_action_node/share/epos_action_node/cmake/ament_cmake_export_targets-extras.cmake
-- Installing: /home/sam/exo_repo/ROB8-Project2/install/epos_action_node/share/epos_action_node/cmake/rosidl_cmake_export_typesupport_targets-extras.cmake
-- Installing: /home/sam/exo_repo/ROB8-Project2/install/epos_action_node/share/epos_action_node/cmake/rosidl_cmake_export_typesupport_libraries-extras.cmake
-- Installing: /home/sam/exo_repo/ROB8-Project2/install/epos_action_node/share/epos_action_node/cmake/epos_action_nodeConfig.cmake
-- Installing: /home/sam/exo_repo/ROB8-Project2/install/epos_action_node/share/epos_action_node/cmake/epos_action_nodeConfig-version.cmake
-- Installing: /home/sam/exo_repo/ROB8-Project2/install/epos_action_node/share/epos_action_node/package.xml
